<?xml version="1.0" encoding="UTF-8"?>
<testng-results skipped="0" failed="0" total="3" passed="3">
  <reporter-output>
  </reporter-output>
  <suite name="Default suite" duration-ms="18792" started-at="2021-08-04T05:03:05Z" finished-at="2021-08-04T05:03:23Z">
    <groups>
    </groups>
    <test name="Default test" duration-ms="18792" started-at="2021-08-04T05:03:05Z" finished-at="2021-08-04T05:03:23Z">
      <class name="Demos.Postmethodwithbody">
        <test-method status="PASS" signature="Login()[pri:0, instance:Demos.Postmethodwithbody@1caeb3e]" name="Login" duration-ms="11739" started-at="2021-08-04T10:33:05Z" finished-at="2021-08-04T10:33:16Z">
          <reporter-output>
          </reporter-output>
        </test-method> <!-- Login -->
        <test-method status="PASS" signature="getallusers()[pri:1, instance:Demos.Postmethodwithbody@1caeb3e]" name="getallusers" duration-ms="5042" started-at="2021-08-04T10:33:16Z" finished-at="2021-08-04T10:33:21Z">
          <reporter-output>
          </reporter-output>
        </test-method> <!-- getallusers -->
        <test-method status="PASS" signature="delete()[pri:2, instance:Demos.Postmethodwithbody@1caeb3e]" name="delete" duration-ms="1974" started-at="2021-08-04T10:33:21Z" finished-at="2021-08-04T10:33:23Z">
          <reporter-output>
          </reporter-output>
        </test-method> <!-- delete -->
      </class> <!-- Demos.Postmethodwithbody -->
    </test> <!-- Default test -->
  </suite> <!-- Default suite -->
</testng-results>
