<?xml version="1.0" encoding="UTF-8"?>
<!-- Generated by org.testng.reporters.JUnitXMLReporter -->
<testsuite hostname="IBM-DOTNET-001" name="Default test" tests="3" failures="0" timestamp="4 Aug 2021 05:03:23 GMT" time="18.792" errors="0">
  <testcase name="Login" time="11.739" classname="Demos.Postmethodwithbody"/>
  <testcase name="getallusers" time="5.042" classname="Demos.Postmethodwithbody"/>
  <testcase name="delete" time="1.974" classname="Demos.Postmethodwithbody"/>
</testsuite> <!-- Default test -->
